<?xml version="1.0" encoding="UTF-8"?>
<!-- Generated by org.testng.reporters.JUnitReportReporter -->
<testsuite hostname="LapTop" failures="0" tests="3" name="com.CRM.Testcases.HomePageTestcases" time="0.899" errors="0" timestamp="2025-04-04T04:38:56 IST" skipped="0">
  <testcase classname="com.CRM.Testcases.HomePageTestcases" name="vrifyUrl" time="0.010"/>
  <testcase classname="com.CRM.Testcases.HomePageTestcases" name="vrifyTitle" time="0.008"/>
  <testcase classname="com.CRM.Testcases.HomePageTestcases" name="validateSighinLink" time="0.881"/>
</testsuite> <!-- com.CRM.Testcases.HomePageTestcases -->
