<?xml version="1.0" encoding="UTF-8"?>
<!-- Generated by org.testng.reporters.JUnitReportReporter -->
<testsuite hostname="LapTop" failures="0" tests="1" name="com.CRM.Testcases.LoginPageTestcases" time="0.620" errors="0" timestamp="2025-04-04T04:38:56 IST" skipped="0">
  <testcase classname="com.CRM.Testcases.LoginPageTestcases" name="validateLogin" time="0.620"/>
</testsuite> <!-- com.CRM.Testcases.LoginPageTestcases -->
